{"level":"warn","message":"Ruta GET/productos no existe"}
{"level":"warn","message":"Ruta GET/productos no existe"}
{"level":"warn","message":"Ruta GET/productos no existe"}
{"level":"warn","message":"Ruta GET/productos no existe"}
{"level":"warn","message":"Ruta GET/productos no existe"}
{"level":"error","message":"Ruta GET/:  TypeError: Cannot read properties of undefined (reading 'isAuthenticated')"}
{"level":"error","message":"Ruta GET/:  TypeError: Cannot read properties of undefined (reading 'isAuthenticated')"}
{"level":"error","message":"Ruta GET/:  TypeError: Cannot read properties of undefined (reading 'isAuthenticated')"}
{"level":"error","message":"Ruta GET/:  TypeError: Cannot read properties of undefined (reading 'isAuthenticated')"}
{"level":"error","message":"Ruta GET/:  TypeError: Cannot read properties of undefined (reading 'isAuthenticated')"}
{"level":"error","message":"Ruta GET/:  TypeError: Cannot read properties of undefined (reading 'isAuthenticated')"}
{"level":"error","message":"Ruta GET/:  TypeError: Cannot read properties of undefined (reading 'isAuthenticated')"}
{"level":"error","message":"Ruta GET/:  TypeError: Cannot read properties of undefined (reading 'isAuthenticated')"}
{"level":"error","message":"Ruta GET/:  TypeError: Cannot read properties of undefined (reading 'isAuthenticated')"}
{"level":"error","message":"Ruta GET/:  TypeError: Cannot read properties of undefined (reading 'isAuthenticated')"}
{"level":"error","message":"Ruta GET/:  TypeError: Cannot read properties of undefined (reading 'isAuthenticated')"}
{"level":"error","message":"Ruta GET/:  TypeError: Cannot read properties of undefined (reading 'isAuthenticated')"}
{"level":"error","message":"Ruta GET/:  TypeError: Cannot read properties of undefined (reading 'isAuthenticated')"}
{"level":"error","message":"Ruta GET/:  TypeError: Cannot read properties of undefined (reading 'isAuthenticated')"}
{"level":"error","message":"Ruta GET/:  TypeError: Cannot read properties of undefined (reading 'isAuthenticated')"}
{"level":"error","message":"Ruta GET/:  TypeError: Cannot read properties of undefined (reading 'isAuthenticated')"}
{"level":"error","message":"Ruta GET/:  TypeError: Cannot read properties of undefined (reading 'isAuthenticated')"}
{"level":"error","message":"Ruta GET/:  ReferenceError: ProductosDB is not defined"}
{"level":"error","message":"Ruta GET/:  ReferenceError: ProductosDB is not defined"}
{"level":"error","message":"Ruta GET/632bd1e166064a729b72519c:  ReferenceError: Carrito is not defined"}
{"level":"error","message":"Ruta GET/632bd1e166064a729b72519c:  ReferenceError: Carrito is not defined"}
{"level":"error","message":"Ruta GET/632bd1e166064a729b72519c:  ReferenceError: Carrito is not defined"}
{"level":"error","message":"Ruta GET/632bd1e166064a729b72519c:  TypeError: Cannot read properties of undefined (reading '_id')"}
{"level":"error","message":"Ruta GET/:  TypeError: Cannot read properties of undefined (reading 'user')"}
{"level":"error","message":"Ruta GET/:  TypeError: Cannot read properties of undefined (reading 'user')"}
{"level":"error","message":"Ruta GET/:  TypeError: Cannot read properties of undefined (reading 'user')"}
{"level":"error","message":"Ruta GET/:  TypeError: Cannot read properties of undefined (reading 'user')"}
{"level":"error","message":"Ruta GET/632bd1e166064a729b72519c:  ReferenceError: producto is not defined"}
{"level":"error","message":"Ruta GET/632bd1e166064a729b72519c:  TypeError: Cannot read properties of undefined (reading '_id')"}
{"level":"error","message":"Ruta GET/632bd1e166064a729b72519c:  ReferenceError: Carrito is not defined"}
{"level":"error","message":"Ruta GET/632bd1e166064a729b72519c:  TypeError: Cannot read properties of undefined (reading '_id')"}
{"level":"error","message":"Ruta GET/632bd21966064a729b72519e:  ReferenceError: Carrito is not defined"}
{"level":"error","message":"Ruta GET/632bd21966064a729b72519e:  TypeError: Cannot read properties of undefined (reading '_id')"}
{"level":"error","message":"Ruta GET/632bd2742f4e2638bb12b2eb:  ReferenceError: Carrito is not defined"}
{"level":"error","message":"Ruta GET/632bd2742f4e2638bb12b2eb:  TypeError: Cannot read properties of undefined (reading '_id')"}
{"level":"error","message":"Ruta GET/632bd1e166064a729b72519c:  ReferenceError: Carrito is not defined"}
{"level":"error","message":"Ruta GET/632bd1e166064a729b72519c:  TypeError: Cannot read properties of undefined (reading '_id')"}
{"level":"error","message":"Ruta GET/632bd2742f4e2638bb12b2eb:  ReferenceError: Carrito is not defined"}
{"level":"error","message":"Ruta GET/632bd2742f4e2638bb12b2eb:  TypeError: Cannot read properties of undefined (reading '_id')"}
{"level":"error","message":"Ruta GET/632bd1e166064a729b72519c:  ReferenceError: Carrito is not defined"}
{"level":"error","message":"Ruta GET/632bd1e166064a729b72519c:  TypeError: Cannot read properties of undefined (reading '_id')"}
{"level":"error","message":"server.js error login"}
{"level":"error","message":"Ruta GET/632bd1e166064a729b72519c:  ReferenceError: ProductoExiste is not defined"}
{"level":"error","message":"Ruta GET/632bd1e166064a729b72519c:  TypeError: Cannot read properties of undefined (reading '_id')"}
{"level":"error","message":"Ruta GET/632bd1e166064a729b72519c:  ReferenceError: ProductoExiste is not defined"}
{"level":"error","message":"Ruta GET/632bd2922f4e2638bb12b2ed:  ReferenceError: ProductoExiste is not defined"}
{"level":"error","message":"Ruta GET/632bd7548737649195a3e171:  ReferenceError: ProductoExiste is not defined"}
{"level":"error","message":"Ruta GET/632c85328737649195a3e174:  ReferenceError: Products is not defined"}
{"level":"error","message":"Ruta GET/632bd2922f4e2638bb12b2ed:  TypeError: Cannot read properties of undefined (reading '_id')"}
{"level":"error","message":"Ruta GET/632bd21966064a729b72519e:  ReferenceError: Products is not defined"}
{"level":"error","message":"Ruta GET/632bd1e166064a729b72519c:  ReferenceError: ProductoExiste is not defined"}
{"level":"error","message":"Ruta GET/632bd2742f4e2638bb12b2eb:  ReferenceError: ProductoExiste is not defined"}
{"level":"error","message":"Ruta GET/632bd2922f4e2638bb12b2ed:  ReferenceError: ProductoExiste is not defined"}
{"level":"error","message":"Ruta GET/632bd7548737649195a3e171:  ReferenceError: ProductoExiste is not defined"}
{"level":"error","message":"Ruta GET/632c85328737649195a3e174:  ReferenceError: Products is not defined"}
{"level":"error","message":"Ruta GET/632bd1e166064a729b72519c:  ReferenceError: ProductoExiste is not defined"}
{"level":"error","message":"Ruta GET/632bd1e166064a729b72519c:  TypeError: Cannot read properties of undefined (reading '_id')"}
{"level":"error","message":"Ruta GET/632bd1e166064a729b72519c:  ReferenceError: ProductoExiste is not defined"}
{"level":"error","message":"Ruta GET/632bd1e166064a729b72519c:  TypeError: Cannot read properties of undefined (reading '_id')"}
{"level":"error","message":"Ruta GET/632c85328737649195a3e174:  ReferenceError: ProductoId is not defined"}
{"level":"error","message":"Ruta GET/632bd1e166064a729b72519c:  TypeError: Cannot read properties of undefined (reading '_id')"}
{"level":"error","message":"Ruta GET/632c85328737649195a3e174:  TypeError: Cannot read properties of undefined (reading '_id')"}
{"level":"error","message":"Ruta GET/632bd1e166064a729b72519c:  TypeError: carritoService.updateCarritoID is not a function"}
{"level":"error","message":"Ruta GET/632bd1e166064a729b72519c:  TypeError: Cannot read properties of undefined (reading '_id')"}
{"level":"error","message":"Ruta undefinedundefined:  TypeError: Cannot destructure property 'ProductoId' of 'req.params' as it is undefined."}
{"level":"error","message":"Ruta GET/faillogin error en login"}
{"level":"error","message":"Ruta undefinedundefined:  TypeError: Cannot destructure property 'ProductoId' of 'req.params' as it is undefined."}
{"level":"error","message":"Ruta GET/faillogin error en login"}
{"level":"error","message":"Ruta undefinedundefined:  TypeError: Cannot destructure property 'username' of 'req.body' as it is undefined."}
{"level":"error","message":"Ruta GET/faillogin error en login"}
{"level":"error","message":"Ruta undefinedundefined:  ReferenceError: usuarioid is not defined"}
{"level":"error","message":"Ruta GET/faillogin error en login"}
{"level":"error","message":"Ruta undefinedundefined:  ReferenceError: ProductoExiste is not defined"}
{"level":"error","message":"Ruta GET/faillogin error en login"}
{"level":"error","message":"Ruta undefinedundefined:  CastError: Cast to string failed for value \"{ username: 'asd@assd' }\" (type Object) at path \"username\" for model \"Users\""}
{"level":"error","message":"Ruta GET/faillogin error en login"}
{"level":"error","message":"Ruta undefinedundefined:  ReferenceError: ProductoExiste is not defined"}
{"level":"error","message":"Ruta GET/faillogin error en login"}
{"level":"error","message":"Ruta GET/faillogin error en login"}
{"level":"error","message":"Ruta GET/faillogin error en login"}
{"level":"error","message":"Ruta GET/faillogin error en login"}
{"level":"error","message":"Ruta GET/faillogin error en login"}
{"level":"error","message":"Ruta GET/login:  TypeError: Cannot read properties of undefined (reading '_id')"}
{"level":"error","message":"Ruta GET/login:  TypeError: Cannot read properties of undefined (reading '_id')"}
{"level":"error","message":"Ruta GET/login:  TypeError: Cannot read properties of undefined (reading '_id')"}
{"level":"error","message":"Ruta GET/login:  TypeError: Cannot read properties of undefined (reading '_id')"}
{"level":"error","message":"Ruta GET/login:  TypeError: Cannot read properties of undefined (reading '_id')"}
{"level":"error","message":"Ruta GET/:  ReferenceError: carritoService is not defined"}
{"level":"error","message":"Ruta GET/:  ReferenceError: carritoService is not defined"}
{"level":"error","message":"Ruta GET/:  ReferenceError: carritoService is not defined"}
{"level":"error","message":"server.js error login"}
{"level":"error","message":"server.js error login"}
{"level":"error","message":"Ruta GET/faillogin error en login"}
{"level":"warn","message":"Ruta GET/productos no existe"}
{"level":"warn","message":"Ruta GET/api/carrito no existe"}
{"level":"warn","message":"Ruta GET/api/carrito no existe"}
{"level":"warn","message":"Ruta GET/api/carritos no existe"}
{"level":"warn","message":"Ruta GET/api/carrito no existe"}
{"level":"error","message":"Ruta GET/:  TypeError: Cannot read properties of null (reading '_id')"}
{"level":"error","message":"Ruta GET/:  TypeError: Cannot read properties of null (reading '_id')"}
{"level":"error","message":"Ruta GET/:  TypeError: Cannot read properties of null (reading '_id')"}
{"level":"error","message":"Ruta GET/:  TypeError: Cannot read properties of undefined (reading '_id')"}
{"level":"error","message":"Ruta GET/:  TypeError: Cannot read properties of undefined (reading '_id')"}
{"level":"error","message":"Ruta GET/:  TypeError: Cannot read properties of undefined (reading '_id')"}
{"level":"error","message":"Ruta GET/:  TypeError: Cannot read properties of undefined (reading '_id')"}
{"level":"error","message":"Ruta GET/:  TypeError: Cannot read properties of undefined (reading '_id')"}
{"level":"error","message":"Ruta GET/:  TypeError: Cannot read properties of null (reading 'user')"}
{"level":"error","message":"Ruta GET/:  TypeError: Cannot read properties of null (reading 'user')"}
{"level":"error","message":"Ruta GET/:  TypeError: Cannot read properties of null (reading 'user')"}
{"level":"error","message":"Ruta GET/:  TypeError: Cannot read properties of null (reading 'user')"}
{"level":"error","message":"Ruta GET/:  TypeError: Cannot read properties of null (reading 'user')"}
{"level":"error","message":"Ruta GET/:  TypeError: Cannot read properties of null (reading 'user')"}
{"level":"error","message":"Ruta GET/:  TypeError: Cannot read properties of null (reading 'user')"}
{"level":"warn","message":"Ruta GET/api/pruebacopia.png no existe"}
{"level":"warn","message":"Ruta GET/api/productos no existe"}
{"level":"warn","message":"Ruta GET/api/profile no existe"}
{"level":"warn","message":"Ruta GET/login no existe"}
{"level":"warn","message":"Ruta GET/login no existe"}
{"level":"warn","message":"Ruta GET/login no existe"}
{"level":"warn","message":"Ruta GET/login no existe"}
{"level":"warn","message":"Ruta GET/login no existe"}
{"level":"warn","message":"Ruta GET/login no existe"}
{"level":"warn","message":"Ruta GET/login no existe"}
{"level":"warn","message":"Ruta GET/login no existe"}
{"level":"warn","message":"Ruta GET/login no existe"}
{"level":"warn","message":"Ruta GET/login no existe"}
{"level":"warn","message":"Ruta GET/login no existe"}
{"level":"warn","message":"Ruta GET/login no existe"}
{"level":"warn","message":"Ruta GET/login no existe"}
{"level":"warn","message":"Ruta GET/login no existe"}
{"level":"warn","message":"Ruta GET/login no existe"}
{"level":"warn","message":"Ruta GET/login no existe"}
{"level":"warn","message":"Ruta GET/login no existe"}
{"level":"error","message":" Ruta POST/ error al registrar usuario"}
{"level":"error","message":"Ruta GET/failsignup error en signup"}
{"level":"error","message":" Ruta POST/ error al registrar usuario"}
{"level":"error","message":"Ruta GET/failsignup error en signup"}
{"level":"error","message":" Ruta POST/ error al registrar usuario"}
{"level":"error","message":"Ruta GET/failsignup error en signup"}
{"level":"warn","message":"Ruta GET/favicon.ico no existe"}
{"level":"warn","message":"Ruta GET/api/Correo no existe"}
{"level":"warn","message":"Ruta GET/api/correo no existe"}
{"level":"warn","message":"Ruta GET/favicon.ico no existe"}
{"level":"warn","message":"Ruta GET/favicon.ico no existe"}
{"level":"warn","message":"Ruta GET/favicon.ico no existe"}
{"level":"warn","message":"Ruta GET/favicon.ico no existe"}
{"level":"warn","message":"Ruta GET/avatars/Captura%20desde%202022-09-23%2010-09-49.png no existe"}
{"level":"warn","message":"Ruta GET/api/favicon.ico no existe"}
{"level":"warn","message":"Ruta GET/api/office2021.jpg no existe"}
{"level":"warn","message":"Ruta GET/api/Windows10.png no existe"}
{"level":"warn","message":"Ruta GET/api/windows7.img no existe"}
{"level":"warn","message":"Ruta GET/api/macos.jpg no existe"}
{"level":"warn","message":"Ruta GET/api/Windows11.jpg no existe"}
{"level":"warn","message":"Ruta GET/api/mcaffee.jpg no existe"}
{"level":"warn","message":"Ruta GET/api/adobe.jpg no existe"}
{"level":"warn","message":"Ruta GET/api/office2010.jpg no existe"}
{"level":"warn","message":"Ruta GET/api/Ubuntu.jpg no existe"}
{"level":"warn","message":"Ruta GET/api/linuxmint.jpg no existe"}
{"level":"error","message":"Ruta GET/6335b54b54e946781861afd2:  TypeError: Cannot read properties of undefined (reading 'productos')"}
{"level":"error","message":"Ruta GET/:  TypeError: Cannot read properties of undefined (reading 'productos')"}
{"level":"error","message":"Ruta GET/:  TypeError: Cannot read properties of undefined (reading 'productos')"}
{"level":"warn","message":"Ruta GET/api/Windows10.png no existe"}
{"level":"warn","message":"Ruta GET/api/office2021.jpg no existe"}
{"level":"warn","message":"Ruta GET/api/Ubuntu.jpg no existe"}
{"level":"warn","message":"Ruta GET/api/macos.jpg no existe"}
{"level":"warn","message":"Ruta GET/api/windows7.img no existe"}
{"level":"warn","message":"Ruta GET/api/Windows11.jpg no existe"}
{"level":"warn","message":"Ruta GET/api/mcaffee.jpg no existe"}
{"level":"warn","message":"Ruta GET/api/adobe.jpg no existe"}
{"level":"warn","message":"Ruta GET/api/office2010.jpg no existe"}
{"level":"warn","message":"Ruta GET/api/linuxmint.jpg no existe"}
{"level":"error","message":"Ruta GET/:  TypeError: Cannot read properties of undefined (reading 'productos')"}
{"level":"warn","message":"Ruta GET/avatars/Captura%20desde%202022-09-23%2010-09-49.png no existe"}
{"level":"warn","message":"Ruta GET/api/Windows10.png no existe"}
{"level":"warn","message":"Ruta GET/api/windows7.img no existe"}
{"level":"warn","message":"Ruta GET/api/office2021.jpg no existe"}
{"level":"warn","message":"Ruta GET/api/Ubuntu.jpg no existe"}
{"level":"warn","message":"Ruta GET/api/linuxmint.jpg no existe"}
{"level":"warn","message":"Ruta GET/api/macos.jpg no existe"}
{"level":"warn","message":"Ruta GET/api/Windows11.jpg no existe"}
{"level":"warn","message":"Ruta GET/api/mcaffee.jpg no existe"}
{"level":"warn","message":"Ruta GET/api/adobe.jpg no existe"}
{"level":"warn","message":"Ruta GET/api/office2010.jpg no existe"}
{"level":"error","message":"Ruta GET/6335b54b54e946781861afd8:  TypeError: Cannot read properties of undefined (reading 'productos')"}
{"level":"error","message":"Ruta GET/6335b54b54e946781861afd1:  TypeError: Cannot read properties of undefined (reading 'productos')"}
{"level":"error","message":"Ruta GET/6335b54b54e946781861afd4:  TypeError: Cannot read properties of undefined (reading 'productos')"}
{"level":"error","message":"Ruta GET/6335b54b54e946781861afd7:  TypeError: Cannot read properties of undefined (reading 'productos')"}
{"level":"error","message":"Ruta GET/:  TypeError: Cannot read properties of undefined (reading 'productos')"}
{"level":"warn","message":"Ruta GET/favicon.ico no existe"}
{"level":"warn","message":"Ruta GET/avatars/Captura%20desde%202022-09-23%2010-09-49.png no existe"}
{"level":"warn","message":"Ruta GET/api/Windows10.png no existe"}
{"level":"warn","message":"Ruta GET/api/office2021.jpg no existe"}
{"level":"warn","message":"Ruta GET/api/windows7.img no existe"}
{"level":"warn","message":"Ruta GET/api/macos.jpg no existe"}
{"level":"warn","message":"Ruta GET/api/Windows11.jpg no existe"}
{"level":"warn","message":"Ruta GET/api/mcaffee.jpg no existe"}
{"level":"warn","message":"Ruta GET/api/adobe.jpg no existe"}
{"level":"warn","message":"Ruta GET/api/office2010.jpg no existe"}
{"level":"warn","message":"Ruta GET/api/linuxmint.jpg no existe"}
{"level":"warn","message":"Ruta GET/api/Ubuntu.jpg no existe"}
{"level":"error","message":"Ruta GET/6335b54b54e946781861afd2:  TypeError: Cannot read properties of undefined (reading 'productos')"}
{"level":"error","message":"Ruta GET/6335b54b54e946781861afd1:  TypeError: Cannot read properties of undefined (reading 'productos')"}
{"level":"error","message":"Ruta GET/6335b54b54e946781861afd4:  TypeError: Cannot read properties of undefined (reading 'productos')"}
{"level":"error","message":"Ruta GET/:  TypeError: Cannot read properties of undefined (reading 'productos')"}
{"level":"warn","message":"Ruta GET/avatars/Captura%20desde%202022-09-23%2010-09-49.png no existe"}
{"level":"warn","message":"Ruta GET/api/favicon.ico no existe"}
{"level":"warn","message":"Ruta GET/favicon.ico no existe"}
{"level":"warn","message":"Ruta GET/api/Windows10.png no existe"}
{"level":"warn","message":"Ruta GET/api/office2021.jpg no existe"}
{"level":"warn","message":"Ruta GET/api/windows7.img no existe"}
{"level":"warn","message":"Ruta GET/api/Ubuntu.jpg no existe"}
{"level":"warn","message":"Ruta GET/api/linuxmint.jpg no existe"}
{"level":"warn","message":"Ruta GET/api/Windows11.jpg no existe"}
{"level":"warn","message":"Ruta GET/api/mcaffee.jpg no existe"}
{"level":"warn","message":"Ruta GET/api/adobe.jpg no existe"}
{"level":"warn","message":"Ruta GET/api/office2010.jpg no existe"}
{"level":"warn","message":"Ruta GET/api/macos.jpg no existe"}
{"level":"warn","message":"Ruta GET/favicon.ico no existe"}
{"level":"error","message":"Ruta GET/6335b54b54e946781861afd2:  TypeError: Cannot read properties of undefined (reading 'productos')"}
{"level":"error","message":"Ruta GET/:  TypeError: Cannot read properties of undefined (reading 'productos')"}
{"level":"warn","message":"Ruta GET/favicon.ico no existe"}
{"level":"error","message":"Ruta GET/:  TypeError: Cannot read properties of undefined (reading 'productos')"}
{"level":"warn","message":"Ruta GET/api/carrito no existe"}
{"level":"warn","message":"Ruta GET/favicon.ico no existe"}
{"level":"error","message":"Ruta GET/:  TypeError: Cannot read properties of undefined (reading 'productos')"}
{"level":"warn","message":"Ruta GET/avatars/Captura%20desde%202022-09-23%2010-09-49.png no existe"}
{"level":"warn","message":"Ruta GET/api/favicon.ico no existe"}
{"level":"warn","message":"Ruta GET/api/Windows10.png no existe"}
{"level":"warn","message":"Ruta GET/api/office2021.jpg no existe"}
{"level":"warn","message":"Ruta GET/api/windows7.img no existe"}
{"level":"warn","message":"Ruta GET/api/macos.jpg no existe"}
{"level":"warn","message":"Ruta GET/api/Ubuntu.jpg no existe"}
{"level":"warn","message":"Ruta GET/api/linuxmint.jpg no existe"}
{"level":"warn","message":"Ruta GET/api/Windows11.jpg no existe"}
{"level":"warn","message":"Ruta GET/api/mcaffee.jpg no existe"}
{"level":"warn","message":"Ruta GET/api/adobe.jpg no existe"}
{"level":"warn","message":"Ruta GET/api/office2010.jpg no existe"}
{"level":"error","message":"Ruta GET/:  TypeError: Cannot read properties of undefined (reading 'productos')"}
{"level":"warn","message":"Ruta GET/avatars/Captura%20desde%202022-09-23%2010-09-49.png no existe"}
{"level":"warn","message":"Ruta GET/api/Windows10.png no existe"}
{"level":"warn","message":"Ruta GET/api/office2021.jpg no existe"}
{"level":"warn","message":"Ruta GET/api/windows7.img no existe"}
{"level":"warn","message":"Ruta GET/api/Ubuntu.jpg no existe"}
{"level":"warn","message":"Ruta GET/api/linuxmint.jpg no existe"}
{"level":"warn","message":"Ruta GET/api/macos.jpg no existe"}
{"level":"warn","message":"Ruta GET/api/Windows11.jpg no existe"}
{"level":"warn","message":"Ruta GET/api/mcaffee.jpg no existe"}
{"level":"warn","message":"Ruta GET/api/adobe.jpg no existe"}
{"level":"warn","message":"Ruta GET/api/office2010.jpg no existe"}
{"level":"error","message":"Ruta GET/:  TypeError: Cannot read properties of undefined (reading 'productos')"}
{"level":"error","message":"Ruta GET/:  TypeError: Cannot read properties of undefined (reading 'productos')"}
{"level":"error","message":"Ruta GET/:  TypeError: Cannot read properties of undefined (reading 'productos')"}
{"level":"error","message":"Ruta GET/:  TypeError: Cannot read properties of undefined (reading 'productos')"}
{"level":"error","message":"Ruta GET/:  TypeError: Cannot read properties of undefined (reading 'productos')"}
{"level":"warn","message":"Ruta GET/avatars/Captura%20desde%202022-09-23%2010-09-49.png no existe"}
{"level":"warn","message":"Ruta GET/favicon.ico no existe"}
{"level":"warn","message":"Ruta GET/avatars/Captura%20desde%202022-09-23%2010-09-49.png no existe"}
{"level":"warn","message":"Ruta GET/api/favicon.ico no existe"}
{"level":"error","message":"Ruta GET/:  TypeError: Cannot read properties of undefined (reading 'productos')"}
{"level":"error","message":"Ruta GET/:  TypeError: Cannot read properties of undefined (reading 'productos')"}
{"level":"error","message":"Ruta GET/:  TypeError: Cannot read properties of undefined (reading 'productos')"}
{"level":"error","message":"Ruta GET/:  TypeError: Cannot read properties of undefined (reading 'productos')"}
{"level":"warn","message":"Ruta GET/api/Windows10.png no existe"}
{"level":"warn","message":"Ruta GET/api/linuxmint.jpg no existe"}
{"level":"warn","message":"Ruta GET/api/Ubuntu.jpg no existe"}
{"level":"warn","message":"Ruta GET/api/windows7.img no existe"}
{"level":"warn","message":"Ruta GET/api/mcaffee.jpg no existe"}
{"level":"warn","message":"Ruta GET/api/Windows11.jpg no existe"}
{"level":"warn","message":"Ruta GET/api/adobe.jpg no existe"}
{"level":"warn","message":"Ruta GET/api/office2010.jpg no existe"}
{"level":"warn","message":"Ruta GET/api/office2021.jpg no existe"}
{"level":"warn","message":"Ruta GET/api/macos.jpg no existe"}
{"level":"error","message":"Ruta GET/6335b54b54e946781861afd2:  TypeError: Cannot read properties of undefined (reading 'productos')"}
{"level":"error","message":"Ruta GET/6335b54b54e946781861afda:  TypeError: Cannot read properties of undefined (reading 'productos')"}
{"level":"warn","message":"Ruta GET/api/Windows10.png no existe"}
{"level":"warn","message":"Ruta GET/api/office2021.jpg no existe"}
{"level":"warn","message":"Ruta GET/api/windows7.img no existe"}
{"level":"warn","message":"Ruta GET/api/macos.jpg no existe"}
{"level":"warn","message":"Ruta GET/api/Windows11.jpg no existe"}
{"level":"warn","message":"Ruta GET/api/mcaffee.jpg no existe"}
{"level":"warn","message":"Ruta GET/api/adobe.jpg no existe"}
{"level":"warn","message":"Ruta GET/api/office2010.jpg no existe"}
{"level":"warn","message":"Ruta GET/api/Ubuntu.jpg no existe"}
{"level":"warn","message":"Ruta GET/api/linuxmint.jpg no existe"}
{"level":"warn","message":"Ruta GET/api/Windows10.png no existe"}
{"level":"warn","message":"Ruta GET/api/linuxmint.jpg no existe"}
{"level":"warn","message":"Ruta GET/api/office2021.jpg no existe"}
{"level":"warn","message":"Ruta GET/api/windows7.img no existe"}
{"level":"warn","message":"Ruta GET/api/Ubuntu.jpg no existe"}
{"level":"warn","message":"Ruta GET/api/Windows11.jpg no existe"}
{"level":"warn","message":"Ruta GET/api/mcaffee.jpg no existe"}
{"level":"warn","message":"Ruta GET/api/adobe.jpg no existe"}
{"level":"warn","message":"Ruta GET/api/office2010.jpg no existe"}
{"level":"warn","message":"Ruta GET/api/macos.jpg no existe"}
{"level":"warn","message":"Ruta GET/api/Windows10.png no existe"}
{"level":"warn","message":"Ruta GET/api/office2021.jpg no existe"}
{"level":"warn","message":"Ruta GET/api/Ubuntu.jpg no existe"}
{"level":"warn","message":"Ruta GET/api/windows7.img no existe"}
{"level":"warn","message":"Ruta GET/api/macos.jpg no existe"}
{"level":"warn","message":"Ruta GET/api/linuxmint.jpg no existe"}
{"level":"warn","message":"Ruta GET/api/Windows11.jpg no existe"}
{"level":"warn","message":"Ruta GET/api/mcaffee.jpg no existe"}
{"level":"warn","message":"Ruta GET/api/office2010.jpg no existe"}
{"level":"warn","message":"Ruta GET/api/adobe.jpg no existe"}
{"level":"warn","message":"Ruta GET/api/Windows10.png no existe"}
{"level":"warn","message":"Ruta GET/api/office2021.jpg no existe"}
{"level":"warn","message":"Ruta GET/api/Ubuntu.jpg no existe"}
{"level":"warn","message":"Ruta GET/api/windows7.img no existe"}
{"level":"warn","message":"Ruta GET/api/linuxmint.jpg no existe"}
{"level":"warn","message":"Ruta GET/api/macos.jpg no existe"}
{"level":"warn","message":"Ruta GET/api/Windows11.jpg no existe"}
{"level":"warn","message":"Ruta GET/api/mcaffee.jpg no existe"}
{"level":"warn","message":"Ruta GET/api/adobe.jpg no existe"}
{"level":"warn","message":"Ruta GET/api/office2010.jpg no existe"}
{"level":"warn","message":"Ruta GET/api/favicon.ico no existe"}
{"level":"warn","message":"Ruta GET/api/Windows10.png no existe"}
{"level":"warn","message":"Ruta GET/api/macos.jpg no existe"}
{"level":"warn","message":"Ruta GET/api/windows7.img no existe"}
{"level":"warn","message":"Ruta GET/api/office2021.jpg no existe"}
{"level":"warn","message":"Ruta GET/api/Ubuntu.jpg no existe"}
{"level":"warn","message":"Ruta GET/api/Windows11.jpg no existe"}
{"level":"warn","message":"Ruta GET/api/linuxmint.jpg no existe"}
{"level":"warn","message":"Ruta GET/api/mcaffee.jpg no existe"}
{"level":"warn","message":"Ruta GET/api/adobe.jpg no existe"}
{"level":"warn","message":"Ruta GET/api/office2010.jpg no existe"}
{"level":"warn","message":"Ruta GET/api/Windows10.png no existe"}
{"level":"warn","message":"Ruta GET/api/office2021.jpg no existe"}
{"level":"warn","message":"Ruta GET/api/windows7.img no existe"}
{"level":"warn","message":"Ruta GET/api/Ubuntu.jpg no existe"}
{"level":"warn","message":"Ruta GET/api/linuxmint.jpg no existe"}
{"level":"warn","message":"Ruta GET/api/macos.jpg no existe"}
{"level":"warn","message":"Ruta GET/api/Windows11.jpg no existe"}
{"level":"warn","message":"Ruta GET/api/mcaffee.jpg no existe"}
{"level":"warn","message":"Ruta GET/api/adobe.jpg no existe"}
{"level":"warn","message":"Ruta GET/api/office2010.jpg no existe"}
{"level":"warn","message":"Ruta GET/api/Windows10.png no existe"}
{"level":"warn","message":"Ruta GET/api/office2021.jpg no existe"}
{"level":"warn","message":"Ruta GET/api/windows7.img no existe"}
{"level":"warn","message":"Ruta GET/api/Ubuntu.jpg no existe"}
{"level":"warn","message":"Ruta GET/api/macos.jpg no existe"}
{"level":"warn","message":"Ruta GET/api/linuxmint.jpg no existe"}
{"level":"warn","message":"Ruta GET/api/Windows11.jpg no existe"}
{"level":"warn","message":"Ruta GET/api/mcaffee.jpg no existe"}
{"level":"warn","message":"Ruta GET/api/adobe.jpg no existe"}
{"level":"warn","message":"Ruta GET/api/office2010.jpg no existe"}
{"level":"warn","message":"Ruta GET/api/Windows10.png no existe"}
{"level":"warn","message":"Ruta GET/api/office2021.jpg no existe"}
{"level":"warn","message":"Ruta GET/api/windows7.img no existe"}
{"level":"warn","message":"Ruta GET/api/linuxmint.jpg no existe"}
{"level":"warn","message":"Ruta GET/api/Ubuntu.jpg no existe"}
{"level":"warn","message":"Ruta GET/api/macos.jpg no existe"}
{"level":"warn","message":"Ruta GET/api/Windows11.jpg no existe"}
{"level":"warn","message":"Ruta GET/api/mcaffee.jpg no existe"}
{"level":"warn","message":"Ruta GET/api/adobe.jpg no existe"}
{"level":"warn","message":"Ruta GET/api/office2010.jpg no existe"}
{"level":"warn","message":"Ruta GET/api/Windows10.png no existe"}
{"level":"warn","message":"Ruta GET/api/office2021.jpg no existe"}
{"level":"warn","message":"Ruta GET/api/windows7.img no existe"}
{"level":"warn","message":"Ruta GET/api/linuxmint.jpg no existe"}
{"level":"warn","message":"Ruta GET/api/macos.jpg no existe"}
{"level":"warn","message":"Ruta GET/api/Ubuntu.jpg no existe"}
{"level":"warn","message":"Ruta GET/api/Windows11.jpg no existe"}
{"level":"warn","message":"Ruta GET/api/mcaffee.jpg no existe"}
{"level":"warn","message":"Ruta GET/api/adobe.jpg no existe"}
{"level":"warn","message":"Ruta GET/api/office2010.jpg no existe"}
{"level":"warn","message":"Ruta GET/api/Windows10.png no existe"}
{"level":"warn","message":"Ruta GET/api/office2021.jpg no existe"}
{"level":"warn","message":"Ruta GET/api/windows7.img no existe"}
{"level":"warn","message":"Ruta GET/api/linuxmint.jpg no existe"}
{"level":"warn","message":"Ruta GET/api/Ubuntu.jpg no existe"}
{"level":"warn","message":"Ruta GET/api/macos.jpg no existe"}
{"level":"warn","message":"Ruta GET/api/Windows11.jpg no existe"}
{"level":"warn","message":"Ruta GET/api/mcaffee.jpg no existe"}
{"level":"warn","message":"Ruta GET/api/adobe.jpg no existe"}
{"level":"warn","message":"Ruta GET/api/office2010.jpg no existe"}
{"level":"warn","message":"Ruta GET/api/Windows10.png no existe"}
{"level":"warn","message":"Ruta GET/api/office2021.jpg no existe"}
{"level":"warn","message":"Ruta GET/api/windows7.img no existe"}
{"level":"warn","message":"Ruta GET/api/Ubuntu.jpg no existe"}
{"level":"warn","message":"Ruta GET/api/linuxmint.jpg no existe"}
{"level":"warn","message":"Ruta GET/api/macos.jpg no existe"}
{"level":"warn","message":"Ruta GET/api/Windows11.jpg no existe"}
{"level":"warn","message":"Ruta GET/api/mcaffee.jpg no existe"}
{"level":"warn","message":"Ruta GET/api/adobe.jpg no existe"}
{"level":"warn","message":"Ruta GET/api/office2010.jpg no existe"}
{"level":"warn","message":"Ruta GET/api/Windows10.png no existe"}
{"level":"warn","message":"Ruta GET/api/office2021.jpg no existe"}
{"level":"warn","message":"Ruta GET/api/windows7.img no existe"}
{"level":"warn","message":"Ruta GET/api/Ubuntu.jpg no existe"}
{"level":"warn","message":"Ruta GET/api/linuxmint.jpg no existe"}
{"level":"warn","message":"Ruta GET/api/macos.jpg no existe"}
{"level":"warn","message":"Ruta GET/api/Windows11.jpg no existe"}
{"level":"warn","message":"Ruta GET/api/mcaffee.jpg no existe"}
{"level":"warn","message":"Ruta GET/api/adobe.jpg no existe"}
{"level":"warn","message":"Ruta GET/api/office2010.jpg no existe"}
{"level":"warn","message":"Ruta GET/api/Windows10.png no existe"}
{"level":"warn","message":"Ruta GET/api/Ubuntu.jpg no existe"}
{"level":"warn","message":"Ruta GET/api/windows7.img no existe"}
{"level":"warn","message":"Ruta GET/api/office2021.jpg no existe"}
{"level":"warn","message":"Ruta GET/api/macos.jpg no existe"}
{"level":"warn","message":"Ruta GET/api/linuxmint.jpg no existe"}
{"level":"warn","message":"Ruta GET/api/Windows11.jpg no existe"}
{"level":"warn","message":"Ruta GET/api/adobe.jpg no existe"}
{"level":"warn","message":"Ruta GET/api/mcaffee.jpg no existe"}
{"level":"warn","message":"Ruta GET/api/office2010.jpg no existe"}
{"level":"error","message":"Ruta GET/faillogin error en login"}
